<?xml version="1.0" encoding="UTF-8"?>
<coverage generated="1736945715521" clover="3.2.0">
  <project timestamp="1736945715522" name="All files">
    <metrics statements="24" coveredstatements="24" conditionals="1" coveredconditionals="1" methods="9" coveredmethods="9" elements="34" coveredelements="34" complexity="0" loc="24" ncloc="24" packages="2" files="2" classes="2"/>
    <package name="data">
      <metrics statements="1" coveredstatements="1" conditionals="0" coveredconditionals="0" methods="0" coveredmethods="0"/>
      <file name="data.ts" path="/home/aitor/Documents/EXAM_FINAL/aitor-mendiburu-intcli2425/src/data/data.ts">
        <metrics statements="1" coveredstatements="1" conditionals="0" coveredconditionals="0" methods="0" coveredmethods="0"/>
        <line num="3" count="5" type="stmt"/>
      </file>
    </package>
    <package name="helpers">
      <metrics statements="23" coveredstatements="23" conditionals="1" coveredconditionals="1" methods="9" coveredmethods="9"/>
      <file name="potionHelpers.ts" path="/home/aitor/Documents/EXAM_FINAL/aitor-mendiburu-intcli2425/src/helpers/potionHelpers.ts">
        <metrics statements="23" coveredstatements="23" conditionals="1" coveredconditionals="1" methods="9" coveredmethods="9"/>
        <line num="4" count="5" type="stmt"/>
        <line num="5" count="2" type="stmt"/>
        <line num="6" count="20" type="stmt"/>
        <line num="7" count="2" type="stmt"/>
        <line num="10" count="5" type="stmt"/>
        <line num="11" count="2" type="stmt"/>
        <line num="12" count="20" type="stmt"/>
        <line num="13" count="2" type="stmt"/>
        <line num="16" count="5" type="stmt"/>
        <line num="17" count="1" type="stmt"/>
        <line num="18" count="3" type="stmt"/>
        <line num="19" count="1" type="stmt"/>
        <line num="22" count="5" type="stmt"/>
        <line num="23" count="2" type="stmt"/>
        <line num="25" count="2" type="stmt"/>
        <line num="26" count="20" type="stmt"/>
        <line num="27" count="36" type="cond" truecount="1" falsecount="0"/>
        <line num="28" count="1" type="stmt"/>
        <line num="33" count="2" type="stmt"/>
        <line num="36" count="5" type="stmt"/>
        <line num="37" count="1" type="stmt"/>
        <line num="38" count="2" type="stmt"/>
        <line num="39" count="1" type="stmt"/>
      </file>
    </package>
  </project>
</coverage>
