{"/home/aitor/Documents/EXAM_FINAL/aitor-mendiburu-intcli2425/src/data/data.ts": {"path":"/home/aitor/Documents/EXAM_FINAL/aitor-mendiburu-intcli2425/src/data/data.ts","statementMap":{"0":{"start":{"line":3,"column":13},"end":{"line":937,"column":2}}},"fnMap":{},"branchMap":{},"s":{"0":5},"f":{},"b":{}}
,"/home/aitor/Documents/EXAM_FINAL/aitor-mendiburu-intcli2425/src/helpers/potionHelpers.ts": {"path":"/home/aitor/Documents/EXAM_FINAL/aitor-mendiburu-intcli2425/src/helpers/potionHelpers.ts","statementMap":{"0":{"start":{"line":9,"column":0},"end":{"line":9,"column":16}},"1":{"start":{"line":17,"column":0},"end":{"line":17,"column":16}},"2":{"start":{"line":24,"column":0},"end":{"line":24,"column":16}},"3":{"start":{"line":32,"column":0},"end":{"line":32,"column":16}},"4":{"start":{"line":48,"column":0},"end":{"line":48,"column":16}},"5":{"start":{"line":10,"column":33},"end":{"line":10,"column":35}},"6":{"start":{"line":11,"column":4},"end":{"line":11,"column":null}},"7":{"start":{"line":11,"column":46},"end":{"line":11,"column":97}},"8":{"start":{"line":12,"column":4},"end":{"line":12,"column":24}},"9":{"start":{"line":18,"column":33},"end":{"line":18,"column":35}},"10":{"start":{"line":19,"column":4},"end":{"line":19,"column":72}},"11":{"start":{"line":19,"column":46},"end":{"line":19,"column":70}},"12":{"start":{"line":20,"column":4},"end":{"line":20,"column":24}},"13":{"start":{"line":25,"column":41},"end":{"line":25,"column":43}},"14":{"start":{"line":26,"column":4},"end":{"line":26,"column":82}},"15":{"start":{"line":26,"column":65},"end":{"line":26,"column":80}},"16":{"start":{"line":27,"column":4},"end":{"line":27,"column":null}},"17":{"start":{"line":33,"column":41},"end":{"line":33,"column":43}},"18":{"start":{"line":35,"column":4},"end":{"line":41,"column":5}},"19":{"start":{"line":35,"column":17},"end":{"line":35,"column":18}},"20":{"start":{"line":36,"column":6},"end":{"line":40,"column":7}},"21":{"start":{"line":36,"column":19},"end":{"line":36,"column":20}},"22":{"start":{"line":37,"column":8},"end":{"line":39,"column":9}},"23":{"start":{"line":38,"column":10},"end":{"line":38,"column":null}},"24":{"start":{"line":43,"column":4},"end":{"line":43,"column":null}},"25":{"start":{"line":49,"column":28},"end":{"line":49,"column":29}},"26":{"start":{"line":50,"column":4},"end":{"line":50,"column":90}},"27":{"start":{"line":50,"column":50},"end":{"line":50,"column":85}},"28":{"start":{"line":51,"column":4},"end":{"line":51,"column":null}}},"fnMap":{"0":{"name":"filterByLevelRequirement","decl":{"start":{"line":9,"column":16},"end":{"line":9,"column":40}},"loc":{"start":{"line":9,"column":74},"end":{"line":13,"column":1}}},"1":{"name":"(anonymous_1)","decl":{"start":{"line":11,"column":34},"end":{"line":11,"column":35}},"loc":{"start":{"line":11,"column":46},"end":{"line":11,"column":97}}},"2":{"name":"getPotionsByRarity","decl":{"start":{"line":17,"column":16},"end":{"line":17,"column":34}},"loc":{"start":{"line":17,"column":68},"end":{"line":21,"column":3}}},"3":{"name":"(anonymous_3)","decl":{"start":{"line":19,"column":34},"end":{"line":19,"column":35}},"loc":{"start":{"line":19,"column":46},"end":{"line":19,"column":70}}},"4":{"name":"listIngredients","decl":{"start":{"line":24,"column":16},"end":{"line":24,"column":31}},"loc":{"start":{"line":24,"column":46},"end":{"line":28,"column":3}}},"5":{"name":"(anonymous_5)","decl":{"start":{"line":26,"column":49},"end":{"line":26,"column":50}},"loc":{"start":{"line":26,"column":65},"end":{"line":26,"column":80}}},"6":{"name":"findPotionByEffect","decl":{"start":{"line":32,"column":16},"end":{"line":32,"column":34}},"loc":{"start":{"line":32,"column":68},"end":{"line":44,"column":3}}},"7":{"name":"calculateCraftingTime","decl":{"start":{"line":48,"column":16},"end":{"line":48,"column":37}},"loc":{"start":{"line":48,"column":55},"end":{"line":52,"column":1}}},"8":{"name":"(anonymous_8)","decl":{"start":{"line":50,"column":31},"end":{"line":50,"column":32}},"loc":{"start":{"line":50,"column":50},"end":{"line":50,"column":85}}}},"branchMap":{"0":{"loc":{"start":{"line":37,"column":8},"end":{"line":39,"column":9}},"type":"if","locations":[{"start":{"line":37,"column":8},"end":{"line":39,"column":9}}]}},"s":{"0":5,"1":5,"2":5,"3":5,"4":5,"5":2,"6":2,"7":20,"8":2,"9":2,"10":2,"11":20,"12":2,"13":1,"14":1,"15":3,"16":1,"17":2,"18":2,"19":2,"20":20,"21":20,"22":36,"23":1,"24":2,"25":1,"26":1,"27":2,"28":1},"f":{"0":2,"1":20,"2":2,"3":20,"4":1,"5":3,"6":2,"7":1,"8":2},"b":{"0":[1]}}
}
