TN:
SF:src/data/data.ts
FNF:0
FNH:0
DA:3,5
LF:1
LH:1
BRF:0
BRH:0
end_of_record
TN:
SF:src/helpers/potionHelpers.ts
FN:9,filterByLevelRequirement
FN:11,(anonymous_1)
FN:17,getPotionsByRarity
FN:19,(anonymous_3)
FN:24,listIngredients
FN:26,(anonymous_5)
FN:32,findPotionByEffect
FN:48,calculateCraftingTime
FN:50,(anonymous_8)
FNF:9
FNH:9
FNDA:2,filterByLevelRequirement
FNDA:20,(anonymous_1)
FNDA:2,getPotionsByRarity
FNDA:20,(anonymous_3)
FNDA:1,listIngredients
FNDA:3,(anonymous_5)
FNDA:2,findPotionByEffect
FNDA:1,calculateCraftingTime
FNDA:2,(anonymous_8)
DA:9,5
DA:10,2
DA:11,20
DA:12,2
DA:17,5
DA:18,2
DA:19,20
DA:20,2
DA:24,5
DA:25,1
DA:26,3
DA:27,1
DA:32,5
DA:33,2
DA:35,2
DA:36,20
DA:37,36
DA:38,1
DA:43,2
DA:48,5
DA:49,1
DA:50,2
DA:51,1
LF:23
LH:23
BRDA:37,0,0,1
BRF:1
BRH:1
end_of_record
