TN:
SF:src/data/data.ts
FNF:0
FNH:0
DA:3,5
LF:1
LH:1
BRF:0
BRH:0
end_of_record
TN:
SF:src/helpers/potionHelpers.ts
FN:4,filterByLevelRequirement
FN:6,(anonymous_1)
FN:10,getPotionsByRarity
FN:12,(anonymous_3)
FN:16,listIngredients
FN:18,(anonymous_5)
FN:22,findPotionByEffect
FN:36,calculateCraftingTime
FN:38,(anonymous_8)
FNF:9
FNH:9
FNDA:2,filterByLevelRequirement
FNDA:20,(anonymous_1)
FNDA:2,getPotionsByRarity
FNDA:20,(anonymous_3)
FNDA:1,listIngredients
FNDA:3,(anonymous_5)
FNDA:2,findPotionByEffect
FNDA:1,calculateCraftingTime
FNDA:2,(anonymous_8)
DA:4,5
DA:5,2
DA:6,20
DA:7,2
DA:10,5
DA:11,2
DA:12,20
DA:13,2
DA:16,5
DA:17,1
DA:18,3
DA:19,1
DA:22,5
DA:23,2
DA:25,2
DA:26,20
DA:27,36
DA:28,1
DA:33,2
DA:36,5
DA:37,1
DA:38,2
DA:39,1
LF:23
LH:23
BRDA:27,0,0,1
BRF:1
BRH:1
end_of_record
